#
# There is insufficient memory for the Java Runtime Environment to continue.
# Native memory allocation (mmap) failed to map 65536 bytes. Error detail: Failed to commit metaspace.
# Possible reasons:
#   The system is out of physical RAM or swap space
#   This process is running with CompressedOops enabled, and the Java Heap may be blocking the growth of the native heap
# Possible solutions:
#   Reduce memory load on the system
#   Increase physical memory or swap space
#   Check if swap backing store is full
#   Decrease Java heap size (-Xmx/-Xms)
#   Decrease number of Java threads
#   Decrease Java thread stack sizes (-Xss)
#   Set larger code cache with -XX:ReservedCodeCacheSize=
#   JVM is running with Unscaled Compressed Oops mode in which the Java heap is
#     placed in the first 4GB address space. The Java Heap base address is the
#     maximum limit for the native heap growth. Please use -XX:HeapBaseMinAddress
#     to set the Java Heap base and to place the Java Heap above 4GB virtual address.
# This output file may be truncated or incomplete.
#
#  Out of Memory Error (virtualSpaceNode.cpp:110), pid=11696, tid=13768
#
# JRE version: OpenJDK Runtime Environment Microsoft-11926163 (17.0.16+8) (build 17.0.16+8-LTS)
# Java VM: OpenJDK 64-Bit Server VM Microsoft-11926163 (17.0.16+8-LTS, mixed mode, sharing, tiered, compressed oops, compressed class ptrs, g1 gc, windows-amd64)
# No core dump will be written. Minidumps are not enabled by default on client versions of Windows
#

---------------  S U M M A R Y ------------

Command Line: -Xmx64m -Xms64m -Dorg.gradle.appname=gradlew D:\Documents\seizeonstar\android\\gradle\wrapper\gradle-wrapper.jar app:installDebug -PreactNativeDevServerPort=8081

Host: AMD Ryzen 5 PRO 4650U with Radeon Graphics, 12 cores, 15G,  Windows 11 , 64 bit Build 26100 (10.0.26100.7019)
Time: Wed Nov  5 15:27:53 2025 SE Asia Standard Time elapsed time: 28.143240 seconds (0d 0h 0m 28s)

---------------  T H R E A D  ---------------

Current thread (0x000002555a1bc0f0):  JavaThread "C1 CompilerThread0" daemon [_thread_in_vm, id=13768, stack(0x0000007f99b00000,0x0000007f99c00000)]


Current CompileTask:
C1:  28143 1750   !   3       sun.nio.cs.StreamDecoder::readBytes (271 bytes)

Stack: [0x0000007f99b00000,0x0000007f99c00000]
Native frames: (J=compiled Java code, j=interpreted, Vv=VM code, C=native code)
V  [jvm.dll+0x68ee19]
V  [jvm.dll+0x846249]
V  [jvm.dll+0x847fb8]
V  [jvm.dll+0x848643]
V  [jvm.dll+0x24cf6f]
V  [jvm.dll+0x842027]
V  [jvm.dll+0x6332bb]
V  [jvm.dll+0x63332a]
V  [jvm.dll+0x635b73]
V  [jvm.dll+0x633c76]
V  [jvm.dll+0x6450aa]
V  [jvm.dll+0x63deea]
V  [jvm.dll+0x1d0eea]
V  [jvm.dll+0x1d10d0]
V  [jvm.dll+0x13a00e]
V  [jvm.dll+0x13a343]
V  [jvm.dll+0x139797]
V  [jvm.dll+0x13b4bd]
V  [jvm.dll+0x22db1b]
V  [jvm.dll+0x22bca6]
V  [jvm.dll+0x7fba9b]
V  [jvm.dll+0x7f5e9c]
V  [jvm.dll+0x68dd27]
C  [ucrtbase.dll+0x37b0]
C  [KERNEL32.DLL+0x2e8d7]
C  [ntdll.dll+0x8c53c]


---------------  P R O C E S S  ---------------

Threads class SMR info:
_java_thread_list=0x00000255a06aacf0, length=15, elements={
0x000002554032eaa0, 0x000002555a19c060, 0x000002555a19ea30, 0x000002555a1b3c90,
0x000002555a1b4650, 0x000002555a1b5010, 0x000002555a1b59d0, 0x000002555a1b86d0,
0x000002555a1bc0f0, 0x000002555a1d6770, 0x000002555a33c3a0, 0x000002555a33cb20,
0x00000255a1107ae0, 0x000002555ace5db0, 0x000002555ace66e0
}

Java Threads: ( => current thread )
  0x000002554032eaa0 JavaThread "main" [_thread_blocked, id=5960, stack(0x0000007f98d00000,0x0000007f98e00000)]
  0x000002555a19c060 JavaThread "Reference Handler" daemon [_thread_blocked, id=9088, stack(0x0000007f99400000,0x0000007f99500000)]
  0x000002555a19ea30 JavaThread "Finalizer" daemon [_thread_blocked, id=21036, stack(0x0000007f99500000,0x0000007f99600000)]
  0x000002555a1b3c90 JavaThread "Signal Dispatcher" daemon [_thread_blocked, id=1508, stack(0x0000007f99600000,0x0000007f99700000)]
  0x000002555a1b4650 JavaThread "Attach Listener" daemon [_thread_blocked, id=20324, stack(0x0000007f99700000,0x0000007f99800000)]
  0x000002555a1b5010 JavaThread "Service Thread" daemon [_thread_blocked, id=21840, stack(0x0000007f99800000,0x0000007f99900000)]
  0x000002555a1b59d0 JavaThread "Monitor Deflation Thread" daemon [_thread_blocked, id=19364, stack(0x0000007f99900000,0x0000007f99a00000)]
  0x000002555a1b86d0 JavaThread "C2 CompilerThread0" daemon [_thread_in_native, id=23180, stack(0x0000007f99a00000,0x0000007f99b00000)]
=>0x000002555a1bc0f0 JavaThread "C1 CompilerThread0" daemon [_thread_in_vm, id=13768, stack(0x0000007f99b00000,0x0000007f99c00000)]
  0x000002555a1d6770 JavaThread "Sweeper thread" daemon [_thread_blocked, id=23068, stack(0x0000007f99c00000,0x0000007f99d00000)]
  0x000002555a33c3a0 JavaThread "Notification Thread" daemon [_thread_blocked, id=12232, stack(0x0000007f99d00000,0x0000007f99e00000)]
  0x000002555a33cb20 JavaThread "Common-Cleaner" daemon [_thread_blocked, id=10040, stack(0x0000007f99f00000,0x0000007f9a000000)]
  0x00000255a1107ae0 JavaThread "pool-1-thread-1" [_thread_blocked, id=5660, stack(0x0000007f9a500000,0x0000007f9a600000)]
  0x000002555ace5db0 JavaThread "C2 CompilerThread1" daemon [_thread_blocked, id=22152, stack(0x0000007f9a800000,0x0000007f9a900000)]
  0x000002555ace66e0 JavaThread "C2 CompilerThread2" daemon [_thread_blocked, id=14136, stack(0x0000007f9a900000,0x0000007f9aa00000)]

Other Threads:
  0x00000255403deb80 VMThread "VM Thread" [stack: 0x0000007f99300000,0x0000007f99400000] [id=19608]
  0x000002555a33c880 WatcherThread [stack: 0x0000007f99e00000,0x0000007f99f00000] [id=11548]
  0x000002554034db30 GCTaskThread "GC Thread#0" [stack: 0x0000007f98e00000,0x0000007f98f00000] [id=22796]
  0x000002555a68a230 GCTaskThread "GC Thread#1" [stack: 0x0000007f9a200000,0x0000007f9a300000] [id=22308]
  0x000002555a687880 GCTaskThread "GC Thread#2" [stack: 0x0000007f9a300000,0x0000007f9a400000] [id=15732]
  0x000002555a687b40 GCTaskThread "GC Thread#3" [stack: 0x0000007f9a400000,0x0000007f9a500000] [id=22220]
  0x000002555a7b54b0 GCTaskThread "GC Thread#4" [stack: 0x0000007f9a000000,0x0000007f9a100000] [id=23064]
  0x00000255a062b0a0 GCTaskThread "GC Thread#5" [stack: 0x0000007f9a100000,0x0000007f9a200000] [id=19928]
  0x00000255a062b360 GCTaskThread "GC Thread#6" [stack: 0x0000007f9a600000,0x0000007f9a700000] [id=11660]
  0x0000025540350290 ConcurrentGCThread "G1 Main Marker" [stack: 0x0000007f98f00000,0x0000007f99000000] [id=19924]
  0x0000025540350cb0 ConcurrentGCThread "G1 Conc#0" [stack: 0x0000007f99000000,0x0000007f99100000] [id=11148]
  0x00000255403ca270 ConcurrentGCThread "G1 Refine#0" [stack: 0x0000007f99100000,0x0000007f99200000] [id=22568]
  0x00000255403cca50 ConcurrentGCThread "G1 Service" [stack: 0x0000007f99200000,0x0000007f99300000] [id=3172]

Threads with active compile tasks:
C2 CompilerThread0    28174 1748   !   4       java.io.BufferedReader::readLine (327 bytes)
C1 CompilerThread0    28174 1750   !   3       sun.nio.cs.StreamDecoder::readBytes (271 bytes)

VM state: not at safepoint (normal execution)

VM Mutex/Monitor currently owned by a thread:  ([mutex/lock_event])
[0x000002553defe150] Metaspace_lock - owner thread: 0x000002555a1bc0f0
[0x000002554031b670] MethodData_lock - owner thread: 0x000002555a1bc0f0

Heap address: 0x00000000fc000000, size: 64 MB, Compressed Oops mode: 32-bit

CDS archive(s) mapped at: [0x000002555b000000-0x000002555bbb0000-0x000002555bbb0000), size 12255232, SharedBaseAddress: 0x000002555b000000, ArchiveRelocationMode: 1.
Compressed class space mapped at: 0x000002555c000000-0x000002559c000000, reserved size: 1073741824
Narrow klass base: 0x000002555b000000, Narrow klass shift: 0, Narrow klass range: 0x100000000

GC Precious Log:
 CPUs: 12 total, 12 available
 Memory: 15591M
 Large Page Support: Disabled
 NUMA Support: Disabled
 Compressed Oops: Enabled (32-bit)
 Heap Region Size: 1M
 Heap Min Capacity: 64M
 Heap Initial Capacity: 64M
 Heap Max Capacity: 64M
 Pre-touch: Disabled
 Parallel Workers: 10
 Concurrent Workers: 3
 Concurrent Refinement Workers: 10
 Periodic GC: Disabled

Heap:
 garbage-first heap   total 65536K, used 21650K [0x00000000fc000000, 0x0000000100000000)
  region size 1024K, 15 young (15360K), 4 survivors (4096K)
 Metaspace       used 9309K, committed 9472K, reserved 1114112K
  class space    used 1246K, committed 1344K, reserved 1048576K

Heap Regions: E=young(eden), S=young(survivor), O=old, HS=humongous(starts), HC=humongous(continues), CS=collection set, F=free, OA=open archive, CA=closed archive, TAMS=top-at-mark-start (previous, next)
|   0|0x00000000fc000000, 0x00000000fc100000, 0x00000000fc100000|100%|HS|  |TAMS 0x00000000fc000000, 0x00000000fc000000| Complete 
|   1|0x00000000fc100000, 0x00000000fc200000, 0x00000000fc200000|100%|HC|  |TAMS 0x00000000fc100000, 0x00000000fc100000| Complete 
|   2|0x00000000fc200000, 0x00000000fc300000, 0x00000000fc300000|100%|HC|  |TAMS 0x00000000fc200000, 0x00000000fc200000| Complete 
|   3|0x00000000fc300000, 0x00000000fc400000, 0x00000000fc400000|100%| O|  |TAMS 0x00000000fc300000, 0x00000000fc300000| Untracked 
|   4|0x00000000fc400000, 0x00000000fc500000, 0x00000000fc500000|100%| O|  |TAMS 0x00000000fc400000, 0x00000000fc400000| Untracked 
|   5|0x00000000fc500000, 0x00000000fc600000, 0x00000000fc600000|100%| O|  |TAMS 0x00000000fc500000, 0x00000000fc500000| Untracked 
|   6|0x00000000fc600000, 0x00000000fc700000, 0x00000000fc700000|100%| O|  |TAMS 0x00000000fc600000, 0x00000000fc600000| Untracked 
|   7|0x00000000fc700000, 0x00000000fc724800, 0x00000000fc800000| 14%| O|  |TAMS 0x00000000fc700000, 0x00000000fc700000| Untracked 
|   8|0x00000000fc800000, 0x00000000fc800000, 0x00000000fc900000|  0%| F|  |TAMS 0x00000000fc800000, 0x00000000fc800000| Untracked 
|   9|0x00000000fc900000, 0x00000000fc900000, 0x00000000fca00000|  0%| F|  |TAMS 0x00000000fc900000, 0x00000000fc900000| Untracked 
|  10|0x00000000fca00000, 0x00000000fca00000, 0x00000000fcb00000|  0%| F|  |TAMS 0x00000000fca00000, 0x00000000fca00000| Untracked 
|  11|0x00000000fcb00000, 0x00000000fcb00000, 0x00000000fcc00000|  0%| F|  |TAMS 0x00000000fcb00000, 0x00000000fcb00000| Untracked 
|  12|0x00000000fcc00000, 0x00000000fcc00000, 0x00000000fcd00000|  0%| F|  |TAMS 0x00000000fcc00000, 0x00000000fcc00000| Untracked 
|  13|0x00000000fcd00000, 0x00000000fcd00000, 0x00000000fce00000|  0%| F|  |TAMS 0x00000000fcd00000, 0x00000000fcd00000| Untracked 
|  14|0x00000000fce00000, 0x00000000fce00000, 0x00000000fcf00000|  0%| F|  |TAMS 0x00000000fce00000, 0x00000000fce00000| Untracked 
|  15|0x00000000fcf00000, 0x00000000fcf00000, 0x00000000fd000000|  0%| F|  |TAMS 0x00000000fcf00000, 0x00000000fcf00000| Untracked 
|  16|0x00000000fd000000, 0x00000000fd000000, 0x00000000fd100000|  0%| F|  |TAMS 0x00000000fd000000, 0x00000000fd000000| Untracked 
|  17|0x00000000fd100000, 0x00000000fd100000, 0x00000000fd200000|  0%| F|  |TAMS 0x00000000fd100000, 0x00000000fd100000| Untracked 
|  18|0x00000000fd200000, 0x00000000fd200000, 0x00000000fd300000|  0%| F|  |TAMS 0x00000000fd200000, 0x00000000fd200000| Untracked 
|  19|0x00000000fd300000, 0x00000000fd300000, 0x00000000fd400000|  0%| F|  |TAMS 0x00000000fd300000, 0x00000000fd300000| Untracked 
|  20|0x00000000fd400000, 0x00000000fd400000, 0x00000000fd500000|  0%| F|  |TAMS 0x00000000fd400000, 0x00000000fd400000| Untracked 
|  21|0x00000000fd500000, 0x00000000fd500000, 0x00000000fd600000|  0%| F|  |TAMS 0x00000000fd500000, 0x00000000fd500000| Untracked 
|  22|0x00000000fd600000, 0x00000000fd600000, 0x00000000fd700000|  0%| F|  |TAMS 0x00000000fd600000, 0x00000000fd600000| Untracked 
|  23|0x00000000fd700000, 0x00000000fd700000, 0x00000000fd800000|  0%| F|  |TAMS 0x00000000fd700000, 0x00000000fd700000| Untracked 
|  24|0x00000000fd800000, 0x00000000fd800000, 0x00000000fd900000|  0%| F|  |TAMS 0x00000000fd800000, 0x00000000fd800000| Untracked 
|  25|0x00000000fd900000, 0x00000000fd900000, 0x00000000fda00000|  0%| F|  |TAMS 0x00000000fd900000, 0x00000000fd900000| Untracked 
|  26|0x00000000fda00000, 0x00000000fda00000, 0x00000000fdb00000|  0%| F|  |TAMS 0x00000000fda00000, 0x00000000fda00000| Untracked 
|  27|0x00000000fdb00000, 0x00000000fdb00000, 0x00000000fdc00000|  0%| F|  |TAMS 0x00000000fdb00000, 0x00000000fdb00000| Untracked 
|  28|0x00000000fdc00000, 0x00000000fdd00000, 0x00000000fdd00000|100%| S|CS|TAMS 0x00000000fdc00000, 0x00000000fdc00000| Complete 
|  29|0x00000000fdd00000, 0x00000000fde00000, 0x00000000fde00000|100%| S|CS|TAMS 0x00000000fdd00000, 0x00000000fdd00000| Complete 
|  30|0x00000000fde00000, 0x00000000fdf00000, 0x00000000fdf00000|100%| S|CS|TAMS 0x00000000fde00000, 0x00000000fde00000| Complete 
|  31|0x00000000fdf00000, 0x00000000fe000000, 0x00000000fe000000|100%| S|CS|TAMS 0x00000000fdf00000, 0x00000000fdf00000| Complete 
|  32|0x00000000fe000000, 0x00000000fe000000, 0x00000000fe100000|  0%| F|  |TAMS 0x00000000fe000000, 0x00000000fe000000| Untracked 
|  33|0x00000000fe100000, 0x00000000fe100000, 0x00000000fe200000|  0%| F|  |TAMS 0x00000000fe100000, 0x00000000fe100000| Untracked 
|  34|0x00000000fe200000, 0x00000000fe200000, 0x00000000fe300000|  0%| F|  |TAMS 0x00000000fe200000, 0x00000000fe200000| Untracked 
|  35|0x00000000fe300000, 0x00000000fe300000, 0x00000000fe400000|  0%| F|  |TAMS 0x00000000fe300000, 0x00000000fe300000| Untracked 
|  36|0x00000000fe400000, 0x00000000fe400000, 0x00000000fe500000|  0%| F|  |TAMS 0x00000000fe400000, 0x00000000fe400000| Untracked 
|  37|0x00000000fe500000, 0x00000000fe500000, 0x00000000fe600000|  0%| F|  |TAMS 0x00000000fe500000, 0x00000000fe500000| Untracked 
|  38|0x00000000fe600000, 0x00000000fe600000, 0x00000000fe700000|  0%| F|  |TAMS 0x00000000fe600000, 0x00000000fe600000| Untracked 
|  39|0x00000000fe700000, 0x00000000fe700000, 0x00000000fe800000|  0%| F|  |TAMS 0x00000000fe700000, 0x00000000fe700000| Untracked 
|  40|0x00000000fe800000, 0x00000000fe800000, 0x00000000fe900000|  0%| F|  |TAMS 0x00000000fe800000, 0x00000000fe800000| Untracked 
|  41|0x00000000fe900000, 0x00000000fe900000, 0x00000000fea00000|  0%| F|  |TAMS 0x00000000fe900000, 0x00000000fe900000| Untracked 
|  42|0x00000000fea00000, 0x00000000fea00000, 0x00000000feb00000|  0%| F|  |TAMS 0x00000000fea00000, 0x00000000fea00000| Untracked 
|  43|0x00000000feb00000, 0x00000000feb00000, 0x00000000fec00000|  0%| F|  |TAMS 0x00000000feb00000, 0x00000000feb00000| Untracked 
|  44|0x00000000fec00000, 0x00000000fec00000, 0x00000000fed00000|  0%| F|  |TAMS 0x00000000fec00000, 0x00000000fec00000| Untracked 
|  45|0x00000000fed00000, 0x00000000fed00000, 0x00000000fee00000|  0%| F|  |TAMS 0x00000000fed00000, 0x00000000fed00000| Untracked 
|  46|0x00000000fee00000, 0x00000000fee00000, 0x00000000fef00000|  0%| F|  |TAMS 0x00000000fee00000, 0x00000000fee00000| Untracked 
|  47|0x00000000fef00000, 0x00000000fef00000, 0x00000000ff000000|  0%| F|  |TAMS 0x00000000fef00000, 0x00000000fef00000| Untracked 
|  48|0x00000000ff000000, 0x00000000ff000000, 0x00000000ff100000|  0%| F|  |TAMS 0x00000000ff000000, 0x00000000ff000000| Untracked 
|  49|0x00000000ff100000, 0x00000000ff100000, 0x00000000ff200000|  0%| F|  |TAMS 0x00000000ff100000, 0x00000000ff100000| Untracked 
|  50|0x00000000ff200000, 0x00000000ff200000, 0x00000000ff300000|  0%| F|  |TAMS 0x00000000ff200000, 0x00000000ff200000| Untracked 
|  51|0x00000000ff300000, 0x00000000ff300000, 0x00000000ff400000|  0%| F|  |TAMS 0x00000000ff300000, 0x00000000ff300000| Untracked 
|  52|0x00000000ff400000, 0x00000000ff400000, 0x00000000ff500000|  0%| F|  |TAMS 0x00000000ff400000, 0x00000000ff400000| Untracked 
|  53|0x00000000ff500000, 0x00000000ff580000, 0x00000000ff600000| 50%| E|  |TAMS 0x00000000ff500000, 0x00000000ff500000| Complete 
|  54|0x00000000ff600000, 0x00000000ff700000, 0x00000000ff700000|100%| E|CS|TAMS 0x00000000ff600000, 0x00000000ff600000| Complete 
|  55|0x00000000ff700000, 0x00000000ff800000, 0x00000000ff800000|100%| E|CS|TAMS 0x00000000ff700000, 0x00000000ff700000| Complete 
|  56|0x00000000ff800000, 0x00000000ff900000, 0x00000000ff900000|100%| E|CS|TAMS 0x00000000ff800000, 0x00000000ff800000| Complete 
|  57|0x00000000ff900000, 0x00000000ffa00000, 0x00000000ffa00000|100%| E|CS|TAMS 0x00000000ff900000, 0x00000000ff900000| Complete 
|  58|0x00000000ffa00000, 0x00000000ffb00000, 0x00000000ffb00000|100%| E|CS|TAMS 0x00000000ffa00000, 0x00000000ffa00000| Complete 
|  59|0x00000000ffb00000, 0x00000000ffc00000, 0x00000000ffc00000|100%| E|CS|TAMS 0x00000000ffb00000, 0x00000000ffb00000| Complete 
|  60|0x00000000ffc00000, 0x00000000ffd00000, 0x00000000ffd00000|100%| E|CS|TAMS 0x00000000ffc00000, 0x00000000ffc00000| Complete 
|  61|0x00000000ffd00000, 0x00000000ffe00000, 0x00000000ffe00000|100%| E|CS|TAMS 0x00000000ffd00000, 0x00000000ffd00000| Complete 
|  62|0x00000000ffe00000, 0x00000000fff00000, 0x00000000fff00000|100%| E|CS|TAMS 0x00000000ffe00000, 0x00000000ffe00000| Complete 
|  63|0x00000000fff00000, 0x0000000100000000, 0x0000000100000000|100%| E|CS|TAMS 0x00000000fff00000, 0x00000000fff00000| Complete 

Card table byte_map: [0x000002553e1b0000,0x000002553e1d0000] _byte_map_base: 0x000002553d9d0000

Marking Bits (Prev, Next): (CMBitMap*) 0x000002554034e150, (CMBitMap*) 0x000002554034e190
 Prev Bits: [0x00000255573d0000, 0x00000255574d0000)
 Next Bits: [0x00000255574d0000, 0x00000255575d0000)

Polling page: 0x000002553e160000

Metaspace:

Usage:
  Non-class:      7.87 MB used.
      Class:      1.22 MB used.
       Both:      9.09 MB used.

Virtual space:
  Non-class space:       64.00 MB reserved,       7.94 MB ( 12%) committed,  1 nodes.
      Class space:        1.00 GB reserved,       1.31 MB ( <1%) committed,  1 nodes.
             Both:        1.06 GB reserved,       9.25 MB ( <1%) committed. 

Chunk freelists:
   Non-Class:  7.75 MB
       Class:  14.51 MB
        Both:  22.26 MB

MaxMetaspaceSize: unlimited
CompressedClassSpaceSize: 1.00 GB
Initial GC threshold: 21.00 MB
Current GC threshold: 21.00 MB
CDS: on
MetaspaceReclaimPolicy: balanced
 - commit_granule_bytes: 65536.
 - commit_granule_words: 8192.
 - virtual_space_node_default_size: 8388608.
 - enlarge_chunks_in_place: 1.
 - new_chunks_are_fully_committed: 0.
 - uncommit_free_chunks: 1.
 - use_allocation_guard: 0.
 - handle_deallocations: 1.


Internal statistics:

num_allocs_failed_limit: 0.
num_arena_births: 78.
num_arena_deaths: 0.
num_vsnodes_births: 2.
num_vsnodes_deaths: 0.
num_space_committed: 148.
num_space_uncommitted: 0.
num_chunks_returned_to_freelist: 0.
num_chunks_taken_from_freelist: 336.
num_chunk_merges: 0.
num_chunk_splits: 226.
num_chunks_enlarged: 184.
num_inconsistent_stats: 0.

CodeHeap 'non-profiled nmethods': size=120000Kb used=798Kb max_used=798Kb free=119201Kb
 bounds [0x000002554f950000, 0x000002554fbc0000, 0x0000025556e80000]
CodeHeap 'profiled nmethods': size=120000Kb used=3155Kb max_used=3155Kb free=116844Kb
 bounds [0x0000025547e80000, 0x00000255481a0000, 0x000002554f3b0000]
CodeHeap 'non-nmethods': size=5760Kb used=1169Kb max_used=1215Kb free=4590Kb
 bounds [0x000002554f3b0000, 0x000002554f620000, 0x000002554f950000]
 total_blobs=2212 nmethods=1748 adapters=377
 compilation: enabled
              stopped_count=0, restarted_count=0
 full_count=0

Compilation events (20 events):
Event: 28.126 Thread 0x000002555a1bc0f0 1743   !   3       sun.nio.ch.NativeThreadSet::remove (50 bytes)
Event: 28.126 Thread 0x000002555a1bc0f0 nmethod 1743 0x0000025548193690 code [0x0000025548193840, 0x0000025548193b08]
Event: 28.126 Thread 0x000002555a1bc0f0 1744       3       java.nio.channels.spi.AbstractInterruptibleChannel::begin (48 bytes)
Event: 28.127 Thread 0x000002555a1bc0f0 nmethod 1744 0x0000025548193c90 code [0x0000025548193e80, 0x00000255481944f8]
Event: 28.127 Thread 0x000002555a1bc0f0 1745       3       sun.nio.ch.FileChannelImpl::beginBlocking (12 bytes)
Event: 28.127 Thread 0x000002555ace5db0 nmethod 1721 0x000002554fa13390 code [0x000002554fa13540, 0x000002554fa13978]
Event: 28.127 Thread 0x000002555a1bc0f0 nmethod 1745 0x0000025548194790 code [0x0000025548194940, 0x0000025548194aa8]
Event: 28.127 Thread 0x000002555ace5db0 1726       4       com.google.common.collect.EvictingQueue::add (48 bytes)
Event: 28.127 Thread 0x000002555a1bc0f0 1746       3       sun.nio.ch.IOUtil::read (14 bytes)
Event: 28.128 Thread 0x000002555a1bc0f0 nmethod 1746 0x0000025548194b90 code [0x0000025548194d40, 0x0000025548194e68]
Event: 28.132 Thread 0x000002555ace66e0 nmethod 1725 0x000002554fa13d10 code [0x000002554fa13ec0, 0x000002554fa142b8]
Event: 28.132 Thread 0x000002555ace66e0 1727       4       java.util.ArrayDeque::remove (5 bytes)
Event: 28.135 Thread 0x000002555ace66e0 nmethod 1727 0x000002554fa14610 code [0x000002554fa147a0, 0x000002554fa148d8]
Event: 28.135 Thread 0x000002555ace66e0 1747       4       java.nio.Buffer::position (52 bytes)
Event: 28.136 Thread 0x000002555ace5db0 nmethod 1726 0x000002554fa14a10 code [0x000002554fa14bc0, 0x000002554fa14f78]
Event: 28.136 Thread 0x000002555ace66e0 nmethod 1747 0x000002554fa15290 code [0x000002554fa15420, 0x000002554fa154f8]
Event: 28.137 Thread 0x000002555a1b86d0 nmethod 1690% 0x000002554fa15610 code [0x000002554fa15820, 0x000002554fa16a60]
Event: 28.137 Thread 0x000002555a1b86d0 1748   !   4       java.io.BufferedReader::readLine (327 bytes)
Event: 28.138 Thread 0x000002555ace66e0 1749 %     4       java.lang.AbstractStringBuilder::appendChars @ 26 (130 bytes)
Event: 28.139 Thread 0x000002555a1bc0f0 1750   !   3       sun.nio.cs.StreamDecoder::readBytes (271 bytes)

GC Heap History (4 events):
Event: 0.494 GC heap before
{Heap before GC invocations=0 (full 0):
 garbage-first heap   total 65536K, used 23552K [0x00000000fc000000, 0x0000000100000000)
  region size 1024K, 23 young (23552K), 0 survivors (0K)
 Metaspace       used 1696K, committed 1792K, reserved 1114112K
  class space    used 159K, committed 192K, reserved 1048576K
}
Event: 0.498 GC heap after
{Heap after GC invocations=1 (full 0):
 garbage-first heap   total 65536K, used 1824K [0x00000000fc000000, 0x0000000100000000)
  region size 1024K, 2 young (2048K), 2 survivors (2048K)
 Metaspace       used 1696K, committed 1792K, reserved 1114112K
  class space    used 159K, committed 192K, reserved 1048576K
}
Event: 1.597 GC heap before
{Heap before GC invocations=1 (full 0):
 garbage-first heap   total 65536K, used 35616K [0x00000000fc000000, 0x0000000100000000)
  region size 1024K, 32 young (32768K), 2 survivors (2048K)
 Metaspace       used 7362K, committed 7488K, reserved 1114112K
  class space    used 999K, committed 1088K, reserved 1048576K
}
Event: 1.604 GC heap after
{Heap after GC invocations=2 (full 0):
 garbage-first heap   total 65536K, used 11410K [0x00000000fc000000, 0x0000000100000000)
  region size 1024K, 4 young (4096K), 4 survivors (4096K)
 Metaspace       used 7362K, committed 7488K, reserved 1114112K
  class space    used 999K, committed 1088K, reserved 1048576K
}

Dll operation events (13 events):
Event: 0.007 Loaded shared library C:\Program Files\Microsoft\jdk-17.0.16.8-hotspot\bin\java.dll
Event: 0.023 Loaded shared library C:\Program Files\Microsoft\jdk-17.0.16.8-hotspot\bin\jsvml.dll
Event: 0.052 Loaded shared library C:\Program Files\Microsoft\jdk-17.0.16.8-hotspot\bin\net.dll
Event: 0.054 Loaded shared library C:\Program Files\Microsoft\jdk-17.0.16.8-hotspot\bin\nio.dll
Event: 0.057 Loaded shared library C:\Program Files\Microsoft\jdk-17.0.16.8-hotspot\bin\zip.dll
Event: 0.063 Loaded shared library C:\Program Files\Microsoft\jdk-17.0.16.8-hotspot\bin\verify.dll
Event: 0.501 Loaded shared library C:\Program Files\Microsoft\jdk-17.0.16.8-hotspot\bin\jimage.dll
Event: 1.053 Loaded shared library C:\Program Files\Microsoft\jdk-17.0.16.8-hotspot\bin\management.dll
Event: 1.057 Loaded shared library C:\Program Files\Microsoft\jdk-17.0.16.8-hotspot\bin\management_ext.dll
Event: 1.124 Loaded shared library C:\Users\tsaqif muwaffaq\.gradle\native\1def1411415f61bf3af743bc5b6707747c0891f09f0c88961ee8f79bc544acac\windows-amd64\native-platform.dll
Event: 1.175 Loaded shared library C:\Users\tsaqif muwaffaq\.gradle\native\jansi\1.18\windows64\jansi.dll
Event: 1.501 Loaded shared library C:\Program Files\Microsoft\jdk-17.0.16.8-hotspot\bin\extnet.dll
Event: 1.731 Loaded shared library C:\Program Files\Microsoft\jdk-17.0.16.8-hotspot\bin\sunmscapi.dll

Deoptimization events (20 events):
Event: 28.137 Thread 0x000002554032eaa0 DEOPT PACKING pc=0x0000025547f7495f sp=0x0000007f98dfd1f0
Event: 28.137 Thread 0x000002554032eaa0 DEOPT UNPACKING pc=0x000002554f407143 sp=0x0000007f98dfc6d8 mode 0
Event: 28.138 Thread 0x000002554032eaa0 DEOPT PACKING pc=0x0000025547f7495f sp=0x0000007f98dfd1f0
Event: 28.138 Thread 0x000002554032eaa0 DEOPT UNPACKING pc=0x000002554f407143 sp=0x0000007f98dfc6d8 mode 0
Event: 28.138 Thread 0x000002554032eaa0 DEOPT PACKING pc=0x0000025547f7495f sp=0x0000007f98dfd1f0
Event: 28.138 Thread 0x000002554032eaa0 DEOPT UNPACKING pc=0x000002554f407143 sp=0x0000007f98dfc6d8 mode 0
Event: 28.138 Thread 0x000002554032eaa0 DEOPT PACKING pc=0x0000025547f7495f sp=0x0000007f98dfd1f0
Event: 28.138 Thread 0x000002554032eaa0 DEOPT UNPACKING pc=0x000002554f407143 sp=0x0000007f98dfc6d8 mode 0
Event: 28.138 Thread 0x000002554032eaa0 DEOPT PACKING pc=0x0000025547f7495f sp=0x0000007f98dfd1f0
Event: 28.138 Thread 0x000002554032eaa0 DEOPT UNPACKING pc=0x000002554f407143 sp=0x0000007f98dfc6d8 mode 0
Event: 28.138 Thread 0x000002554032eaa0 DEOPT PACKING pc=0x0000025547f7495f sp=0x0000007f98dfd1f0
Event: 28.138 Thread 0x000002554032eaa0 DEOPT UNPACKING pc=0x000002554f407143 sp=0x0000007f98dfc6d8 mode 0
Event: 28.139 Thread 0x000002554032eaa0 DEOPT PACKING pc=0x0000025547f7495f sp=0x0000007f98dfd1f0
Event: 28.139 Thread 0x000002554032eaa0 DEOPT UNPACKING pc=0x000002554f407143 sp=0x0000007f98dfc6d8 mode 0
Event: 28.139 Thread 0x000002554032eaa0 DEOPT PACKING pc=0x0000025547f7495f sp=0x0000007f98dfd1f0
Event: 28.139 Thread 0x000002554032eaa0 DEOPT UNPACKING pc=0x000002554f407143 sp=0x0000007f98dfc6d8 mode 0
Event: 28.139 Thread 0x000002554032eaa0 DEOPT PACKING pc=0x0000025547f7495f sp=0x0000007f98dfd1f0
Event: 28.139 Thread 0x000002554032eaa0 DEOPT UNPACKING pc=0x000002554f407143 sp=0x0000007f98dfc6d8 mode 0
Event: 28.139 Thread 0x000002554032eaa0 DEOPT PACKING pc=0x0000025547f7495f sp=0x0000007f98dfd1f0
Event: 28.139 Thread 0x000002554032eaa0 DEOPT UNPACKING pc=0x000002554f407143 sp=0x0000007f98dfc6d8 mode 0

Classes loaded (20 events):
Event: 28.076 Loading class java/nio/file/FileChannelLinesSpliterator
Event: 28.076 Loading class java/nio/file/FileChannelLinesSpliterator done
Event: 28.077 Loading class sun/nio/fs/WindowsSecurityDescriptor
Event: 28.077 Loading class sun/nio/fs/WindowsSecurityDescriptor done
Event: 28.077 Loading class sun/nio/fs/WindowsChannelFactory
Event: 28.077 Loading class sun/nio/fs/WindowsChannelFactory done
Event: 28.077 Loading class sun/nio/fs/WindowsChannelFactory$1
Event: 28.077 Loading class sun/nio/fs/WindowsChannelFactory$1 done
Event: 28.077 Loading class sun/nio/fs/WindowsChannelFactory$Flags
Event: 28.077 Loading class sun/nio/fs/WindowsChannelFactory$Flags done
Event: 28.077 Loading class sun/nio/fs/WindowsChannelFactory$2
Event: 28.077 Loading class sun/nio/fs/WindowsChannelFactory$2 done
Event: 28.078 Loading class sun/nio/ch/FileChannelImpl$Closer
Event: 28.078 Loading class sun/nio/ch/FileChannelImpl$Closer done
Event: 28.079 Loading class java/util/stream/Streams$1
Event: 28.080 Loading class java/util/stream/Streams$1 done
Event: 28.084 Loading class java/nio/file/FileChannelLinesSpliterator$1
Event: 28.084 Loading class java/nio/file/FileChannelLinesSpliterator$1 done
Event: 28.084 Loading class java/nio/channels/Channels
Event: 28.084 Loading class java/nio/channels/Channels done

Classes unloaded (0 events):
No events

Classes redefined (0 events):
No events

Internal exceptions (20 events):
Event: 1.065 Thread 0x000002554032eaa0 Exception <a 'java/lang/NoSuchMethodError'{0x00000000ff0bd330}: 'int java.lang.invoke.DirectMethodHandle$Holder.invokeSpecial(java.lang.Object, java.lang.Object, java.lang.Object)'> (0x00000000ff0bd330) 
thrown [s\src\hotspot\share\interpreter\linkResolver.cpp, line 759]
Event: 1.075 Thread 0x000002554032eaa0 Exception <a 'java/lang/NoSuchMethodError'{0x00000000ff0faa38}: 'void java.lang.invoke.DirectMethodHandle$Holder.invokeStatic(java.lang.Object, java.lang.Object)'> (0x00000000ff0faa38) 
thrown [s\src\hotspot\share\interpreter\linkResolver.cpp, line 759]
Event: 1.077 Thread 0x000002554032eaa0 Implicit null exception at 0x000002554f9b8f8a to 0x000002554f9b94d0
Event: 1.077 Thread 0x000002554032eaa0 Implicit null exception at 0x000002554f998f8f to 0x000002554f9994d8
Event: 1.077 Thread 0x000002554032eaa0 Implicit null exception at 0x000002554f982faf to 0x000002554f983029
Event: 1.096 Thread 0x000002554032eaa0 Exception <a 'java/lang/NoClassDefFoundError'{0x00000000fef772d0}: org/slf4j/impl/StaticMarkerBinder> (0x00000000fef772d0) 
thrown [s\src\hotspot\share\classfile\systemDictionary.cpp, line 245]
Event: 1.137 Thread 0x000002554032eaa0 Exception <a 'java/lang/NoSuchMethodError'{0x00000000fee9ff30}: 'java.lang.Object java.lang.invoke.Invokers$Holder.invoker(java.lang.Object, java.lang.Object, java.lang.Object)'> (0x00000000fee9ff30) 
thrown [s\src\hotspot\share\interpreter\linkResolver.cpp, line 759]
Event: 1.138 Thread 0x000002554032eaa0 Exception <a 'java/lang/NoSuchMethodError'{0x00000000feea9088}: 'java.lang.Object java.lang.invoke.DirectMethodHandle$Holder.invokeStatic(java.lang.Object, java.lang.Object, int)'> (0x00000000feea9088) 
thrown [s\src\hotspot\share\interpreter\linkResolver.cpp, line 759]
Event: 1.140 Thread 0x000002554032eaa0 Exception <a 'java/lang/NoSuchMethodError'{0x00000000feeb4d78}: 'void java.lang.invoke.DelegatingMethodHandle$Holder.delegate(java.lang.Object, java.lang.Object, int, java.lang.Object)'> (0x00000000feeb4d78) 
thrown [s\src\hotspot\share\interpreter\linkResolver.cpp, line 759]
Event: 1.143 Thread 0x000002554032eaa0 Exception <a 'java/lang/NoSuchMethodError'{0x00000000feec83c0}: 'java.lang.Object java.lang.invoke.Invokers$Holder.invokeExact_MT(java.lang.Object, java.lang.Object, java.lang.Object, java.lang.Object)'> (0x00000000feec83c0) 
thrown [s\src\hotspot\share\interpreter\linkResolver.cpp, line 759]
Event: 1.147 Thread 0x000002554032eaa0 Exception <a 'java/lang/NoSuchMethodError'{0x00000000feeeacd8}: 'java.lang.Object java.lang.invoke.DirectMethodHandle$Holder.invokeVirtual(java.lang.Object, java.lang.Object, java.lang.Object)'> (0x00000000feeeacd8) 
thrown [s\src\hotspot\share\interpreter\linkResolver.cpp, line 759]
Event: 1.269 Thread 0x000002554032eaa0 Exception <a 'java/lang/NoSuchMethodError'{0x00000000fe903f48}: 'java.lang.Object java.lang.invoke.DirectMethodHandle$Holder.newInvokeSpecial(java.lang.Object, java.lang.Object, java.lang.Object, java.lang.Object, java.lang.Object)'> (0x00000000fe903f48) 
thrown [s\src\hotspot\share\interpreter\linkResolver.cpp, line 759]
Event: 1.300 Thread 0x000002554032eaa0 Exception <a 'java/lang/NoSuchMethodError'{0x00000000fe634998}: 'void java.lang.invoke.DirectMethodHandle$Holder.invokeSpecial(java.lang.Object, java.lang.Object, java.lang.Object)'> (0x00000000fe634998) 
thrown [s\src\hotspot\share\interpreter\linkResolver.cpp, line 759]
Event: 1.505 Thread 0x000002554032eaa0 Exception <a 'java/lang/NoSuchMethodError'{0x00000000fe4fc090}: 'void java.lang.invoke.DirectMethodHandle$Holder.invokeStatic(java.lang.Object, java.lang.Object, java.lang.Object)'> (0x00000000fe4fc090) 
thrown [s\src\hotspot\share\interpreter\linkResolver.cpp, line 759]
Event: 1.567 Thread 0x000002554032eaa0 Exception <a 'java/lang/NoSuchMethodError'{0x00000000fe198b30}: 'java.lang.Object java.lang.invoke.DirectMethodHandle$Holder.newInvokeSpecial(java.lang.Object, java.lang.Object, java.lang.Object, java.lang.Object, java.lang.Object, java.lang.Object, java.lang.Object, java.lang.Object, java.lang.Object, java.lang.Object, java.lang.Object, java.lang.Object, java.lang.Object, java.lang.Object, java.lang.Object, java.lang.Object, java.lang.Object, java.lang.Object, java.lang.Object, java.lang.Object, java.lang
Event: 1.569 Thread 0x000002554032eaa0 Exception <a 'java/lang/NoSuchMethodError'{0x00000000fe1a5138}: 'java.lang.Object java.lang.invoke.Invokers$Holder.linkToTargetMethod(java.lang.Object, java.lang.Object, java.lang.Object, java.lang.Object, java.lang.Object, java.lang.Object, java.lang.Object, java.lang.Object, java.lang.Object, java.lang.Object, java.lang.Object, java.lang.Object, java.lang.Object, java.lang.Object, java.lang.Object, java.lang.Object, java.lang.Object, java.lang.Object, java.lang.Object, java.lang.Object, java.lang.Object,
Event: 1.626 Thread 0x000002554032eaa0 Exception <a 'java/lang/NoSuchMethodError'{0x00000000ffe33b98}: 'java.lang.Object java.lang.invoke.DirectMethodHandle$Holder.invokeStaticInit(java.lang.Object, int, int, int, int)'> (0x00000000ffe33b98) 
thrown [s\src\hotspot\share\interpreter\linkResolver.cpp, line 759]
Event: 1.676 Thread 0x000002554032eaa0 Exception <a 'java/lang/NoSuchMethodError'{0x00000000ffd37858}: 'java.lang.Object java.lang.invoke.DirectMethodHandle$Holder.invokeStaticInit(java.lang.Object, java.lang.Object, int, int, int, int)'> (0x00000000ffd37858) 
thrown [s\src\hotspot\share\interpreter\linkResolver.cpp, line 759]
Event: 1.700 Thread 0x000002554032eaa0 Implicit null exception at 0x000002554f9982f2 to 0x000002554f9988c0
Event: 28.072 Thread 0x000002554032eaa0 Exception <a 'sun/net/ConnectionResetException'{0x00000000ffa70f80}: Connection reset> (0x00000000ffa70f80) 
thrown [s\src\hotspot\share\prims\jni.cpp, line 535]

VM Operations (20 events):
Event: 16.963 Executing VM operation: Cleanup
Event: 16.963 Executing VM operation: Cleanup done
Event: 18.977 Executing VM operation: Cleanup
Event: 18.977 Executing VM operation: Cleanup done
Event: 19.983 Executing VM operation: Cleanup
Event: 19.983 Executing VM operation: Cleanup done
Event: 22.616 Executing VM operation: HandshakeAllThreads
Event: 22.616 Executing VM operation: HandshakeAllThreads done
Event: 22.616 Executing VM operation: Cleanup
Event: 22.616 Executing VM operation: Cleanup done
Event: 23.625 Executing VM operation: Cleanup
Event: 23.625 Executing VM operation: Cleanup done
Event: 24.635 Executing VM operation: Cleanup
Event: 24.636 Executing VM operation: Cleanup done
Event: 25.639 Executing VM operation: Cleanup
Event: 25.639 Executing VM operation: Cleanup done
Event: 26.651 Executing VM operation: Cleanup
Event: 26.651 Executing VM operation: Cleanup done
Event: 27.661 Executing VM operation: Cleanup
Event: 27.661 Executing VM operation: Cleanup done

Memory protections (0 events):
No events

Nmethod flushes (0 events):
No events

Events (20 events):
Event: 0.025 Thread 0x000002554032eaa0 Thread added: 0x000002555a19c060
Event: 0.026 Thread 0x000002554032eaa0 Thread added: 0x000002555a19ea30
Event: 0.035 Thread 0x000002554032eaa0 Thread added: 0x000002555a1b3c90
Event: 0.035 Thread 0x000002554032eaa0 Thread added: 0x000002555a1b4650
Event: 0.035 Thread 0x000002554032eaa0 Thread added: 0x000002555a1b5010
Event: 0.035 Thread 0x000002554032eaa0 Thread added: 0x000002555a1b59d0
Event: 0.035 Thread 0x000002554032eaa0 Thread added: 0x000002555a1b86d0
Event: 0.035 Thread 0x000002554032eaa0 Thread added: 0x000002555a1bc0f0
Event: 0.035 Thread 0x000002554032eaa0 Thread added: 0x000002555a1d6770
Event: 0.049 Thread 0x000002554032eaa0 Thread added: 0x000002555a33c3a0
Event: 0.050 Thread 0x000002554032eaa0 Thread added: 0x000002555a33cb20
Event: 0.486 Thread 0x000002555a1bc0f0 Thread added: 0x000002555a5cc860
Event: 0.491 Thread 0x000002555a1bc0f0 Thread added: 0x000002555a5ccd80
Event: 1.207 Thread 0x000002554032eaa0 Thread added: 0x00000255a1107ae0
Event: 1.514 Thread 0x000002555a5ccd80 Thread exited: 0x000002555a5ccd80
Event: 1.514 Thread 0x000002555a5cc860 Thread exited: 0x000002555a5cc860
Event: 1.754 Thread 0x000002555a1bc0f0 Thread added: 0x00000255a0787670
Event: 2.119 Thread 0x00000255a0787670 Thread exited: 0x00000255a0787670
Event: 28.105 Thread 0x000002555a1bc0f0 Thread added: 0x000002555ace5db0
Event: 28.113 Thread 0x000002555ace5db0 Thread added: 0x000002555ace66e0


Dynamic libraries:
0x00007ff76f040000 - 0x00007ff76f04e000 	C:\Program Files\Microsoft\jdk-17.0.16.8-hotspot\bin\java.exe
0x00007ffde3320000 - 0x00007ffde3588000 	C:\WINDOWS\SYSTEM32\ntdll.dll
0x00007ffde1a60000 - 0x00007ffde1b29000 	C:\WINDOWS\System32\KERNEL32.DLL
0x00007ffde0760000 - 0x00007ffde0b58000 	C:\WINDOWS\System32\KERNELBASE.dll
0x00007ffde0ec0000 - 0x00007ffde100b000 	C:\WINDOWS\System32\ucrtbase.dll
0x00007ffdb16e0000 - 0x00007ffdb16f8000 	C:\Program Files\Microsoft\jdk-17.0.16.8-hotspot\bin\jli.dll
0x00007ffde2490000 - 0x00007ffde2657000 	C:\WINDOWS\System32\USER32.dll
0x00007ffdbb940000 - 0x00007ffdbb95e000 	C:\Program Files\Microsoft\jdk-17.0.16.8-hotspot\bin\VCRUNTIME140.dll
0x00007ffde0d50000 - 0x00007ffde0d77000 	C:\WINDOWS\System32\win32u.dll
0x00007ffdcc540000 - 0x00007ffdcc7d4000 	C:\WINDOWS\WinSxS\amd64_microsoft.windows.common-controls_6595b64144ccf1df_6.0.26100.7019_none_3e06ffa0e335b8a8\COMCTL32.dll
0x00007ffde2c90000 - 0x00007ffde2cbb000 	C:\WINDOWS\System32\GDI32.dll
0x00007ffde2d30000 - 0x00007ffde2dd9000 	C:\WINDOWS\System32\msvcrt.dll
0x00007ffde0b60000 - 0x00007ffde0c8c000 	C:\WINDOWS\System32\gdi32full.dll
0x00007ffde1010000 - 0x00007ffde10b3000 	C:\WINDOWS\System32\msvcp_win.dll
0x00007ffde1610000 - 0x00007ffde1641000 	C:\WINDOWS\System32\IMM32.DLL
0x00007ffdc8180000 - 0x00007ffdc818c000 	C:\Program Files\Microsoft\jdk-17.0.16.8-hotspot\bin\vcruntime140_1.dll
0x00007ffd91be0000 - 0x00007ffd91c69000 	C:\Program Files\Microsoft\jdk-17.0.16.8-hotspot\bin\msvcp140.dll
0x00007ffd1a360000 - 0x00007ffd1afda000 	C:\Program Files\Microsoft\jdk-17.0.16.8-hotspot\bin\server\jvm.dll
0x00007ffde19a0000 - 0x00007ffde1a54000 	C:\WINDOWS\System32\ADVAPI32.dll
0x00007ffde2740000 - 0x00007ffde27e6000 	C:\WINDOWS\System32\sechost.dll
0x00007ffde14c0000 - 0x00007ffde15d8000 	C:\WINDOWS\System32\RPCRT4.dll
0x00007ffde1260000 - 0x00007ffde12d4000 	C:\WINDOWS\System32\WS2_32.dll
0x00007ffde02c0000 - 0x00007ffde031e000 	C:\WINDOWS\SYSTEM32\POWRPROF.dll
0x00007ffdd9ab0000 - 0x00007ffdd9ae5000 	C:\WINDOWS\SYSTEM32\WINMM.dll
0x00007ffdd9af0000 - 0x00007ffdd9afb000 	C:\WINDOWS\SYSTEM32\VERSION.dll
0x00007ffde02a0000 - 0x00007ffde02b4000 	C:\WINDOWS\SYSTEM32\UMPDC.dll
0x00007ffddf1f0000 - 0x00007ffddf20b000 	C:\WINDOWS\SYSTEM32\kernel.appcore.dll
0x00007ffdbc400000 - 0x00007ffdbc40a000 	C:\Program Files\Microsoft\jdk-17.0.16.8-hotspot\bin\jimage.dll
0x00007ffdddd50000 - 0x00007ffdddf92000 	C:\WINDOWS\SYSTEM32\DBGHELP.DLL
0x00007ffde27f0000 - 0x00007ffde2b7b000 	C:\WINDOWS\System32\combase.dll
0x00007ffde2330000 - 0x00007ffde2407000 	C:\WINDOWS\System32\OLEAUT32.dll
0x00007ffdc0bc0000 - 0x00007ffdc0bfc000 	C:\WINDOWS\SYSTEM32\dbgcore.DLL
0x00007ffde0d80000 - 0x00007ffde0e25000 	C:\WINDOWS\System32\bcryptPrimitives.dll
0x00007ffdb1140000 - 0x00007ffdb1166000 	C:\Program Files\Microsoft\jdk-17.0.16.8-hotspot\bin\java.dll
0x00007ffd90ad0000 - 0x00007ffd90ba6000 	C:\Program Files\Microsoft\jdk-17.0.16.8-hotspot\bin\jsvml.dll
0x00007ffde1b30000 - 0x00007ffde2281000 	C:\WINDOWS\System32\SHELL32.dll
0x00007ffde05f0000 - 0x00007ffde075b000 	C:\WINDOWS\System32\wintypes.dll
0x00007ffdddfa0000 - 0x00007ffdde7fd000 	C:\WINDOWS\SYSTEM32\windows.storage.dll
0x00007ffde2b90000 - 0x00007ffde2c82000 	C:\WINDOWS\System32\SHCORE.dll
0x00007ffde3270000 - 0x00007ffde32d7000 	C:\WINDOWS\System32\shlwapi.dll
0x00007ffde0390000 - 0x00007ffde03b9000 	C:\WINDOWS\SYSTEM32\profapi.dll
0x00007ffd9a6c0000 - 0x00007ffd9a6db000 	C:\Program Files\Microsoft\jdk-17.0.16.8-hotspot\bin\net.dll
0x00007ffdd6fd0000 - 0x00007ffdd70f8000 	C:\WINDOWS\SYSTEM32\WINHTTP.dll
0x00007ffddf740000 - 0x00007ffddf7ab000 	C:\WINDOWS\system32\mswsock.dll
0x00007ffd9a6a0000 - 0x00007ffd9a6b6000 	C:\Program Files\Microsoft\jdk-17.0.16.8-hotspot\bin\nio.dll
0x00007ffd9a680000 - 0x00007ffd9a698000 	C:\Program Files\Microsoft\jdk-17.0.16.8-hotspot\bin\zip.dll
0x00007ffdbb930000 - 0x00007ffdbb940000 	C:\Program Files\Microsoft\jdk-17.0.16.8-hotspot\bin\verify.dll
0x00007ffdba730000 - 0x00007ffdba73a000 	C:\Program Files\Microsoft\jdk-17.0.16.8-hotspot\bin\management.dll
0x00007ffdba6c0000 - 0x00007ffdba6cc000 	C:\Program Files\Microsoft\jdk-17.0.16.8-hotspot\bin\management_ext.dll
0x00007ffde2b80000 - 0x00007ffde2b88000 	C:\WINDOWS\System32\PSAPI.DLL
0x00007ffd91bb0000 - 0x00007ffd91bd7000 	C:\Users\tsaqif muwaffaq\.gradle\native\1def1411415f61bf3af743bc5b6707747c0891f09f0c88961ee8f79bc544acac\windows-amd64\native-platform.dll
0x00007ffdd0650000 - 0x00007ffdd065a000 	C:\Users\tsaqif muwaffaq\.gradle\native\jansi\1.18\windows64\jansi.dll
0x00007ffddebe0000 - 0x00007ffddec14000 	C:\WINDOWS\SYSTEM32\IPHLPAPI.DLL
0x00007ffde2cc0000 - 0x00007ffde2cca000 	C:\WINDOWS\System32\NSI.dll
0x00007ffdda2d0000 - 0x00007ffdda2ee000 	C:\WINDOWS\SYSTEM32\dhcpcsvc6.DLL
0x00007ffdda1c0000 - 0x00007ffdda1e3000 	C:\WINDOWS\SYSTEM32\dhcpcsvc.DLL
0x00007ffddec20000 - 0x00007ffdded4c000 	C:\WINDOWS\SYSTEM32\DNSAPI.dll
0x00007ffdb7080000 - 0x00007ffdb7089000 	C:\Program Files\Microsoft\jdk-17.0.16.8-hotspot\bin\extnet.dll
0x00007ffddfb30000 - 0x00007ffddfb4b000 	C:\WINDOWS\SYSTEM32\CRYPTSP.dll
0x00007ffddf150000 - 0x00007ffddf18a000 	C:\WINDOWS\system32\rsaenh.dll
0x00007ffddf7f0000 - 0x00007ffddf81b000 	C:\WINDOWS\SYSTEM32\USERENV.dll
0x00007ffde0360000 - 0x00007ffde038a000 	C:\WINDOWS\SYSTEM32\bcrypt.dll
0x00007ffddf990000 - 0x00007ffddf99c000 	C:\WINDOWS\SYSTEM32\CRYPTBASE.dll
0x00007ffdb48a0000 - 0x00007ffdb48ae000 	C:\Program Files\Microsoft\jdk-17.0.16.8-hotspot\bin\sunmscapi.dll
0x00007ffde0470000 - 0x00007ffde05e7000 	C:\WINDOWS\System32\CRYPT32.dll
0x00007ffddfc80000 - 0x00007ffddfcb0000 	C:\WINDOWS\SYSTEM32\ncrypt.dll
0x00007ffddfc30000 - 0x00007ffddfc6f000 	C:\WINDOWS\SYSTEM32\NTASN1.dll
0x00007ffd335d0000 - 0x00007ffd335d8000 	C:\WINDOWS\system32\wshunix.dll

dbghelp: loaded successfully - version: 4.0.5 - missing functions: none
symbol engine: initialized successfully - sym options: 0x614 - pdb path: .;C:\Program Files\Microsoft\jdk-17.0.16.8-hotspot\bin;C:\WINDOWS\SYSTEM32;C:\WINDOWS\WinSxS\amd64_microsoft.windows.common-controls_6595b64144ccf1df_6.0.26100.7019_none_3e06ffa0e335b8a8;C:\Program Files\Microsoft\jdk-17.0.16.8-hotspot\bin\server;C:\Users\tsaqif muwaffaq\.gradle\native\1def1411415f61bf3af743bc5b6707747c0891f09f0c88961ee8f79bc544acac\windows-amd64;C:\Users\tsaqif muwaffaq\.gradle\native\jansi\1.18\windows64

VM Arguments:
jvm_args: -Xmx64m -Xms64m -Dorg.gradle.appname=gradlew 
java_command: D:\Documents\seizeonstar\android\\gradle\wrapper\gradle-wrapper.jar app:installDebug -PreactNativeDevServerPort=8081
java_class_path (initial): D:\Documents\seizeonstar\android\\gradle\wrapper\gradle-wrapper.jar
Launcher Type: SUN_STANDARD

[Global flags]
     intx CICompilerCount                          = 4                                         {product} {ergonomic}
     uint ConcGCThreads                            = 3                                         {product} {ergonomic}
     uint G1ConcRefinementThreads                  = 10                                        {product} {ergonomic}
   size_t G1HeapRegionSize                         = 1048576                                   {product} {ergonomic}
    uintx GCDrainStackTargetSize                   = 64                                        {product} {ergonomic}
   size_t InitialHeapSize                          = 67108864                                  {product} {command line}
   size_t MarkStackSize                            = 4194304                                   {product} {ergonomic}
   size_t MaxHeapSize                              = 67108864                                  {product} {command line}
   size_t MaxNewSize                               = 39845888                                  {product} {ergonomic}
   size_t MinHeapDeltaBytes                        = 1048576                                   {product} {ergonomic}
   size_t MinHeapSize                              = 67108864                                  {product} {command line}
    uintx NonNMethodCodeHeapSize                   = 5839372                                {pd product} {ergonomic}
    uintx NonProfiledCodeHeapSize                  = 122909434                              {pd product} {ergonomic}
    uintx ProfiledCodeHeapSize                     = 122909434                              {pd product} {ergonomic}
    uintx ReservedCodeCacheSize                    = 251658240                              {pd product} {ergonomic}
     bool SegmentedCodeCache                       = true                                      {product} {ergonomic}
   size_t SoftMaxHeapSize                          = 67108864                               {manageable} {ergonomic}
     bool UseCompressedClassPointers               = true                           {product lp64_product} {ergonomic}
     bool UseCompressedOops                        = true                           {product lp64_product} {ergonomic}
     bool UseG1GC                                  = true                                      {product} {ergonomic}
     bool UseLargePagesIndividualAllocation        = false                                  {pd product} {ergonomic}

Logging:
Log output configuration:
 #0: stdout all=warning uptime,level,tags
 #1: stderr all=off uptime,level,tags

Environment Variables:
JAVA_HOME=C:\Program Files\Microsoft\jdk-17.0.16.8-hotspot\
PATH=D:\Documents\seizeonstar\node_modules\.bin;D:\Documents\node_modules\.bin;D:\node_modules\.bin;C:\Program Files\nodejs\node_modules\npm\node_modules\@npmcli\run-script\lib\node-gyp-bin;C:\Program Files\WindowsApps\Microsoft.PowerShell_7.5.4.0_x64__8wekyb3d8bbwe;C:\Users\tsaqif muwaffaq\bin;C:\Program Files\Git\mingw64\bin;C:\Program Files\Git\usr\local\bin;C:\Program Files\Git\usr\bin;C:\Program Files\Git\usr\bin;C:\Program Files\Git\mingw64\bin;C:\Program Files\Git\usr\bin;C:\Users\tsaqif muwaffaq\bin;C:\Program Files\Microsoft\jdk-17.0.16.8-hotspot\bin;C:\WINDOWS\system32;C:\WINDOWS;C:\WINDOWS\System32\Wbem;C:\WINDOWS\System32\WindowsPowerShell\v1.0;C:\WINDOWS\System32\OpenSSH;C:\Program Files\Git\cmd;C:\Program Files\nodejs;C:\ProgramData\chocolatey\bin;C:\Users\tsaqif muwaffaq\AppData\Local\Microsoft\WindowsApps;C:\Users\tsaqif muwaffaq\AppData\Local\Programs\Microsoft VS Code\bin;C:\Users\tsaqif muwaffaq\AppData\Roaming\npm;C:\Users\tsaqif muwaffaq\AppData\Local\Android\Sdk\platform-tools;D:\Android\Sdk\platform-tools;D:\Android\Sdk\platform-tools;D:\Android\Sdk\tools;C:\Program Files\Git\usr\bin\vendor_perl;C:\Program Files\Git\usr\bin\core_perl
USERNAME=tsaqif muwaffaq
SHELL=C:\Program Files\Git\usr\bin\bash.exe
DISPLAY=needs-to-be-defined
LANG=en_US.UTF-8
LC_CTYPE=en_US.UTF-8
TERM=xterm
TMPDIR=C:\Users\TSAQIF~1\AppData\Local\Temp
OS=Windows_NT
PROCESSOR_IDENTIFIER=AMD64 Family 23 Model 96 Stepping 1, AuthenticAMD
TMP=C:\Users\TSAQIF~1\AppData\Local\Temp
TEMP=C:\Users\TSAQIF~1\AppData\Local\Temp



Periodic native trim disabled


---------------  S Y S T E M  ---------------

OS:
 Windows 11 , 64 bit Build 26100 (10.0.26100.7019)
OS uptime: 0 days 7:32 hours
Hyper-V role detected

CPU: total 12 (initial active 12) (12 cores per cpu, 2 threads per core) family 23 model 96 stepping 1 microcode 0x860010d, cx8, cmov, fxsr, ht, mmx, 3dnowpref, sse, sse2, sse3, ssse3, sse4a, sse4.1, sse4.2, popcnt, lzcnt, tsc, tscinvbit, avx, avx2, aes, clmul, bmi1, bmi2, adx, sha, fma, vzeroupper, clflush, clflushopt, hv
Processor Information for the first 12 processors :
  Max Mhz: 2100, Current Mhz: 2100, Mhz Limit: 2100

Memory: 4k page, system-wide physical 15591M (2246M free)
TotalPageFile size 18874M (AvailPageFile size 497M)
current process WorkingSet (physical memory assigned to process): 111M, peak: 118M
current process commit charge ("private bytes"): 175M, peak: 182M

vm_info: OpenJDK 64-Bit Server VM (17.0.16+8-LTS) for windows-amd64 JRE (17.0.16+8-LTS), built on Jul 10 2025 00:24:24 by "MicrosoftCorporation" with unknown MS VC++:1944

END.
